2022-09-20 11:08:04,679 [Worker-8: Loading available Gradle versions] INFO  o.e.b.c.i.u.g.PublishedGradleVersions - Gradle version information cache is out-of-date. Trying to update.
2022-09-20 11:08:50,409 [Worker-0: Loading available Gradle versions] INFO  o.e.b.c.i.u.g.PublishedGradleVersions - Gradle version information cache is up-to-date. Trying to read.
2022-09-20 11:10:31,136 [Worker-8: Loading available Gradle versions] INFO  o.e.b.c.i.u.g.PublishedGradleVersions - Gradle version information cache is up-to-date. Trying to read.
2022-09-20 11:11:53,852 [Worker-1: Importing Maven projects] INFO  o.e.m.c.i.l.LifecycleMappingFactory - Using org.eclipse.m2e.jdt.JarLifecycleMapping lifecycle mapping for MavenProject: numpyninja:DSAlgo:0.0.1-SNAPSHOT @ D:\EclipseWorkspace\DsAlgoWrkspc\DsAlgoProject\DSAlgo\pom.xml.
2022-09-20 11:11:54,745 [Worker-1: Importing Maven projects] INFO  o.e.m.j.i.AbstractJavaProjectConfigurator - Adding source folder /DSAlgo/src/main/java
2022-09-20 11:11:54,746 [Worker-1: Importing Maven projects] INFO  o.e.m.j.i.AbstractJavaProjectConfigurator - Adding source folder /DSAlgo/src/test/java
2022-09-20 11:11:54,863 [Worker-1: Importing Maven projects] INFO  o.e.m.c.i.p.ProjectConfigurationManager - Imported and configured 1 project(s) in 1 sec
2022-09-20 11:11:57,057 [Worker-8: Building] INFO  o.e.m.c.i.embedder.EclipseLogger - Using 'UTF-8' encoding to copy filtered resources.
2022-09-20 11:11:57,058 [Worker-8: Building] INFO  o.e.m.c.i.embedder.EclipseLogger - skip non existing resourceDirectory D:\EclipseWorkspace\DsAlgoWrkspc\DsAlgoProject\DSAlgo\src\main\resources
2022-09-20 11:11:57,060 [Worker-8: Building] INFO  o.e.m.c.i.embedder.EclipseLogger - Using 'UTF-8' encoding to copy filtered resources.
2022-09-20 11:11:57,060 [Worker-8: Building] INFO  o.e.m.c.i.embedder.EclipseLogger - skip non existing resourceDirectory D:\EclipseWorkspace\DsAlgoWrkspc\DsAlgoProject\DSAlgo\src\test\resources
2022-09-20 11:43:44,987 [Worker-21: Building] INFO  o.e.m.c.i.embedder.EclipseLogger - Using 'UTF-8' encoding to copy filtered resources.
2022-09-20 11:43:44,988 [Worker-21: Building] INFO  o.e.m.c.i.embedder.EclipseLogger - skip non existing resourceDirectory D:\EclipseWorkspace\DsAlgoWrkspc\DsAlgoProject\DSAlgo\src\main\resources
2022-09-20 11:43:44,990 [Worker-21: Building] INFO  o.e.m.c.i.embedder.EclipseLogger - Using 'UTF-8' encoding to copy filtered resources.
2022-09-20 11:43:44,990 [Worker-21: Building] INFO  o.e.m.c.i.embedder.EclipseLogger - skip non existing resourceDirectory D:\EclipseWorkspace\DsAlgoWrkspc\DsAlgoProject\DSAlgo\src\test\resources
2022-09-20 11:44:22,196 [Worker-21: Building] INFO  o.e.m.c.i.embedder.EclipseLogger - Using 'UTF-8' encoding to copy filtered resources.
2022-09-20 11:44:22,197 [Worker-21: Building] INFO  o.e.m.c.i.embedder.EclipseLogger - skip non existing resourceDirectory D:\EclipseWorkspace\DsAlgoWrkspc\DsAlgoProject\DSAlgo\src\main\resources
2022-09-20 11:44:22,198 [Worker-21: Building] INFO  o.e.m.c.i.embedder.EclipseLogger - Using 'UTF-8' encoding to copy filtered resources.
2022-09-20 11:44:22,199 [Worker-21: Building] INFO  o.e.m.c.i.embedder.EclipseLogger - skip non existing resourceDirectory D:\EclipseWorkspace\DsAlgoWrkspc\DsAlgoProject\DSAlgo\src\test\resources
2022-09-20 11:45:24,878 [Worker-1: Building] INFO  o.e.m.c.i.embedder.EclipseLogger - Using 'UTF-8' encoding to copy filtered resources.
2022-09-20 11:45:24,879 [Worker-1: Building] INFO  o.e.m.c.i.embedder.EclipseLogger - skip non existing resourceDirectory D:\EclipseWorkspace\DsAlgoWrkspc\DsAlgoProject\DSAlgo\src\main\resources
2022-09-20 11:45:24,880 [Worker-1: Building] INFO  o.e.m.c.i.embedder.EclipseLogger - Using 'UTF-8' encoding to copy filtered resources.
2022-09-20 11:45:24,880 [Worker-1: Building] INFO  o.e.m.c.i.embedder.EclipseLogger - skip non existing resourceDirectory D:\EclipseWorkspace\DsAlgoWrkspc\DsAlgoProject\DSAlgo\src\test\resources
2022-09-20 11:59:13,478 [Worker-26: Building] INFO  o.e.m.c.i.embedder.EclipseLogger - Using 'UTF-8' encoding to copy filtered resources.
2022-09-20 11:59:13,479 [Worker-26: Building] INFO  o.e.m.c.i.embedder.EclipseLogger - skip non existing resourceDirectory D:\EclipseWorkspace\DsAlgoWrkspc\DsAlgoProject\DSAlgo\src\main\resources
2022-09-20 11:59:13,480 [Worker-26: Building] INFO  o.e.m.c.i.embedder.EclipseLogger - Using 'UTF-8' encoding to copy filtered resources.
2022-09-20 11:59:13,481 [Worker-26: Building] INFO  o.e.m.c.i.embedder.EclipseLogger - skip non existing resourceDirectory D:\EclipseWorkspace\DsAlgoWrkspc\DsAlgoProject\DSAlgo\src\test\resources
2022-09-20 12:01:54,868 [Worker-36: Building] INFO  o.e.m.c.i.embedder.EclipseLogger - Using 'UTF-8' encoding to copy filtered resources.
2022-09-20 12:01:54,868 [Worker-36: Building] INFO  o.e.m.c.i.embedder.EclipseLogger - skip non existing resourceDirectory D:\EclipseWorkspace\DsAlgoWrkspc\DsAlgoProject\DSAlgo\src\main\resources
2022-09-20 12:01:54,869 [Worker-36: Building] INFO  o.e.m.c.i.embedder.EclipseLogger - Using 'UTF-8' encoding to copy filtered resources.
2022-09-20 12:01:54,869 [Worker-36: Building] INFO  o.e.m.c.i.embedder.EclipseLogger - skip non existing resourceDirectory D:\EclipseWorkspace\DsAlgoWrkspc\DsAlgoProject\DSAlgo\src\test\resources
2022-09-20 12:01:55,935 [Worker-36: Building] INFO  o.e.m.c.i.embedder.EclipseLogger - Using 'UTF-8' encoding to copy filtered resources.
2022-09-20 12:01:55,935 [Worker-36: Building] INFO  o.e.m.c.i.embedder.EclipseLogger - skip non existing resourceDirectory D:\EclipseWorkspace\DsAlgoWrkspc\DsAlgoProject\DSAlgo\src\main\resources
2022-09-20 12:01:55,936 [Worker-36: Building] INFO  o.e.m.c.i.embedder.EclipseLogger - Using 'UTF-8' encoding to copy filtered resources.
2022-09-20 12:01:55,936 [Worker-36: Building] INFO  o.e.m.c.i.embedder.EclipseLogger - skip non existing resourceDirectory D:\EclipseWorkspace\DsAlgoWrkspc\DsAlgoProject\DSAlgo\src\test\resources
2022-09-20 12:02:41,530 [Worker-36: Building] INFO  o.e.m.c.i.embedder.EclipseLogger - Using 'UTF-8' encoding to copy filtered resources.
2022-09-20 12:02:41,530 [Worker-36: Building] INFO  o.e.m.c.i.embedder.EclipseLogger - skip non existing resourceDirectory D:\EclipseWorkspace\DsAlgoWrkspc\DsAlgoProject\DSAlgo\src\main\resources
2022-09-20 12:02:41,531 [Worker-36: Building] INFO  o.e.m.c.i.embedder.EclipseLogger - Using 'UTF-8' encoding to copy filtered resources.
2022-09-20 12:02:41,531 [Worker-36: Building] INFO  o.e.m.c.i.embedder.EclipseLogger - skip non existing resourceDirectory D:\EclipseWorkspace\DsAlgoWrkspc\DsAlgoProject\DSAlgo\src\test\resources
2022-09-20 12:03:21,521 [Worker-28: Building] INFO  o.e.m.c.i.embedder.EclipseLogger - Using 'UTF-8' encoding to copy filtered resources.
2022-09-20 12:03:21,522 [Worker-28: Building] INFO  o.e.m.c.i.embedder.EclipseLogger - skip non existing resourceDirectory D:\EclipseWorkspace\DsAlgoWrkspc\DsAlgoProject\DSAlgo\src\main\resources
2022-09-20 12:03:21,523 [Worker-28: Building] INFO  o.e.m.c.i.embedder.EclipseLogger - Using 'UTF-8' encoding to copy filtered resources.
2022-09-20 12:03:21,523 [Worker-28: Building] INFO  o.e.m.c.i.embedder.EclipseLogger - skip non existing resourceDirectory D:\EclipseWorkspace\DsAlgoWrkspc\DsAlgoProject\DSAlgo\src\test\resources
2022-09-20 12:04:01,061 [Worker-39: Building] INFO  o.e.m.c.i.embedder.EclipseLogger - Using 'UTF-8' encoding to copy filtered resources.
2022-09-20 12:04:01,061 [Worker-39: Building] INFO  o.e.m.c.i.embedder.EclipseLogger - skip non existing resourceDirectory D:\EclipseWorkspace\DsAlgoWrkspc\DsAlgoProject\DSAlgo\src\main\resources
2022-09-20 12:04:01,062 [Worker-39: Building] INFO  o.e.m.c.i.embedder.EclipseLogger - Using 'UTF-8' encoding to copy filtered resources.
2022-09-20 12:04:01,062 [Worker-39: Building] INFO  o.e.m.c.i.embedder.EclipseLogger - skip non existing resourceDirectory D:\EclipseWorkspace\DsAlgoWrkspc\DsAlgoProject\DSAlgo\src\test\resources
2022-09-21 11:02:42,243 [Worker-41: Building] INFO  o.e.m.c.i.embedder.EclipseLogger - Using 'UTF-8' encoding to copy filtered resources.
2022-09-21 11:02:42,246 [Worker-41: Building] INFO  o.e.m.c.i.embedder.EclipseLogger - skip non existing resourceDirectory D:\EclipseWorkspace\DsAlgoWrkspc\DsAlgoProject\DSAlgo\src\main\resources
2022-09-21 11:02:42,247 [Worker-41: Building] INFO  o.e.m.c.i.embedder.EclipseLogger - Using 'UTF-8' encoding to copy filtered resources.
2022-09-21 11:02:42,247 [Worker-41: Building] INFO  o.e.m.c.i.embedder.EclipseLogger - skip non existing resourceDirectory D:\EclipseWorkspace\DsAlgoWrkspc\DsAlgoProject\DSAlgo\src\test\resources
2022-09-21 11:06:39,500 [Worker-41: Building] INFO  o.e.m.c.i.embedder.EclipseLogger - Using 'UTF-8' encoding to copy filtered resources.
2022-09-21 11:06:39,501 [Worker-41: Building] INFO  o.e.m.c.i.embedder.EclipseLogger - skip non existing resourceDirectory D:\EclipseWorkspace\DsAlgoWrkspc\DsAlgoProject\DSAlgo\src\main\resources
2022-09-21 11:06:39,501 [Worker-41: Building] INFO  o.e.m.c.i.embedder.EclipseLogger - Using 'UTF-8' encoding to copy filtered resources.
2022-09-21 11:06:39,501 [Worker-41: Building] INFO  o.e.m.c.i.embedder.EclipseLogger - skip non existing resourceDirectory D:\EclipseWorkspace\DsAlgoWrkspc\DsAlgoProject\DSAlgo\src\test\resources
2022-09-21 13:10:35,628 [Worker-55: Building] INFO  o.e.m.c.i.embedder.EclipseLogger - Using 'UTF-8' encoding to copy filtered resources.
2022-09-21 13:10:35,629 [Worker-55: Building] INFO  o.e.m.c.i.embedder.EclipseLogger - skip non existing resourceDirectory D:\EclipseWorkspace\DsAlgoWrkspc\DsAlgoProject\DSAlgo\src\main\resources
2022-09-21 13:10:35,629 [Worker-55: Building] INFO  o.e.m.c.i.embedder.EclipseLogger - Using 'UTF-8' encoding to copy filtered resources.
2022-09-21 13:10:35,630 [Worker-55: Building] INFO  o.e.m.c.i.embedder.EclipseLogger - skip non existing resourceDirectory D:\EclipseWorkspace\DsAlgoWrkspc\DsAlgoProject\DSAlgo\src\test\resources
2022-09-21 13:13:26,752 [Worker-60: Building] INFO  o.e.m.c.i.embedder.EclipseLogger - Using 'UTF-8' encoding to copy filtered resources.
2022-09-21 13:13:26,752 [Worker-60: Building] INFO  o.e.m.c.i.embedder.EclipseLogger - skip non existing resourceDirectory D:\EclipseWorkspace\DsAlgoWrkspc\DsAlgoProject\DSAlgo\src\main\resources
2022-09-21 13:13:26,753 [Worker-60: Building] INFO  o.e.m.c.i.embedder.EclipseLogger - Using 'UTF-8' encoding to copy filtered resources.
2022-09-21 13:13:26,753 [Worker-60: Building] INFO  o.e.m.c.i.embedder.EclipseLogger - skip non existing resourceDirectory D:\EclipseWorkspace\DsAlgoWrkspc\DsAlgoProject\DSAlgo\src\test\resources
2022-09-21 13:14:27,090 [Worker-59: Building] INFO  o.e.m.c.i.embedder.EclipseLogger - Using 'UTF-8' encoding to copy filtered resources.
2022-09-21 13:14:27,090 [Worker-59: Building] INFO  o.e.m.c.i.embedder.EclipseLogger - skip non existing resourceDirectory D:\EclipseWorkspace\DsAlgoWrkspc\DsAlgoProject\DSAlgo\src\main\resources
2022-09-21 13:14:27,091 [Worker-59: Building] INFO  o.e.m.c.i.embedder.EclipseLogger - Using 'UTF-8' encoding to copy filtered resources.
2022-09-21 13:14:27,091 [Worker-59: Building] INFO  o.e.m.c.i.embedder.EclipseLogger - skip non existing resourceDirectory D:\EclipseWorkspace\DsAlgoWrkspc\DsAlgoProject\DSAlgo\src\test\resources
